<?xml version="1.0" encoding="UTF-8"?>
<!-- Generated by org.testng.reporters.JUnitReportReporter -->
<testsuite hostname="Lenovo" failures="0" tests="3" name="com.testng_features.Dependency_Test" time="0.069" errors="0" timestamp="2022-03-31T23:08:37 IST" skipped="0">
  <testcase classname="com.testng_features.Dependency_Test" name="watch" time="0.007"/>
  <system-out/>
  <testcase classname="com.testng_features.Dependency_Test" name="mobile" time="0.047"/>
  <system-out/>
  <testcase classname="com.testng_features.Dependency_Test" name="offer" time="0.015"/>
  <system-out/>
</testsuite> <!-- com.testng_features.Dependency_Test -->
