<?xml version="1.0" encoding="UTF-8"?>
<!-- Generated by org.testng.reporters.JUnitReportReporter -->
<testsuite hostname="Lenovo" failures="0" tests="6" name="com.testng_features.DataProvider_Test" time="0.077" errors="0" timestamp="2022-03-31T23:31:24 IST" skipped="0">
  <testcase classname="com.testng_features.DataProvider_Test" name="automation_Runner" time="0.004"/>
  <system-out/>
  <testcase classname="com.testng_features.DataProvider_Test" name="automation_Runner" time="0.030"/>
  <system-out/>
  <testcase classname="com.testng_features.DataProvider_Test" name="automation_Runner" time="0.016"/>
  <system-out/>
  <testcase classname="com.testng_features.DataProvider_Test" name="adactin_Runner" time="0.005"/>
  <system-out/>
  <testcase classname="com.testng_features.DataProvider_Test" name="adactin_Runner" time="0.011"/>
  <system-out/>
  <testcase classname="com.testng_features.DataProvider_Test" name="adactin_Runner" time="0.011"/>
  <system-out/>
</testsuite> <!-- com.testng_features.DataProvider_Test -->
