<?xml version="1.0" encoding="UTF-8"?>
<!-- Generated by org.testng.reporters.JUnitReportReporter -->
<testsuite hostname="Lenovo" failures="0" tests="3" name="com.testng_features.Ignore_Concept" time="0.030" errors="0" timestamp="2022-03-29T20:28:36 IST" skipped="1">
  <testcase classname="com.testng_features.Ignore_Concept" name="spotify" time="0.023"/>
  <system-out/>
  <testcase classname="com.testng_features.Ignore_Concept" name="wynkMusic" time="0.007"/>
  <system-out/>
  <testcase classname="com.testng_features.Ignore_Concept" name="books">
    <skipped/>
  </testcase> <!-- books -->
  <system-out/>
</testsuite> <!-- com.testng_features.Ignore_Concept -->
