<?xml version="1.0" encoding="UTF-8"?>
<!-- Generated by org.testng.reporters.JUnitReportReporter -->
<testsuite hostname="Lenovo" failures="0" tests="1" name="com.testng_features.TimeOut_Test" time="7.084" errors="0" timestamp="2022-03-31T23:03:55 IST" skipped="0">
  <testcase classname="com.testng_features.TimeOut_Test" name="browser_Configuration" time="7.084"/>
  <system-out/>
</testsuite> <!-- com.testng_features.TimeOut_Test -->
