<?xml version="1.0" encoding="UTF-8"?>
<!-- Generated by org.testng.reporters.JUnitReportReporter -->
<testsuite hostname="Lenovo" failures="0" tests="6" name="com.testng_features.Invocation_Count" time="0.099" errors="0" timestamp="2022-03-29T21:20:24 IST" skipped="0">
  <testcase classname="com.testng_features.Invocation_Count" name="browser_Launch" time="0.048"/>
  <system-out/>
  <testcase classname="com.testng_features.Invocation_Count" name="refresh" time="0.008"/>
  <system-out/>
  <testcase classname="com.testng_features.Invocation_Count" name="refresh" time="0.014"/>
  <system-out/>
  <testcase classname="com.testng_features.Invocation_Count" name="refresh" time="0.008"/>
  <system-out/>
  <testcase classname="com.testng_features.Invocation_Count" name="launch_Url" time="0.010"/>
  <system-out/>
  <testcase classname="com.testng_features.Invocation_Count" name="Credentials" time="0.011"/>
  <system-out/>
</testsuite> <!-- com.testng_features.Invocation_Count -->
