<?xml version="1.0" encoding="UTF-8"?>
<!-- Generated by org.testng.reporters.JUnitReportReporter -->
<testsuite hostname="Lenovo" failures="0" tests="5" name="com.testng_features.Groups_Task" time="0.056" errors="0" timestamp="2022-03-29T20:56:49 IST" skipped="0">
  <testcase classname="com.testng_features.Groups_Task" name="wynkMusic" time="0.029"/>
  <system-out/>
  <testcase classname="com.testng_features.Groups_Task" name="instagram" time="0.006"/>
  <system-out/>
  <testcase classname="com.testng_features.Groups_Task" name="books" time="0.009"/>
  <system-out/>
  <testcase classname="com.testng_features.Groups_Task" name="whatsapp" time="0.009"/>
  <system-out/>
  <testcase classname="com.testng_features.Groups_Task" name="spotify" time="0.003"/>
  <system-out/>
</testsuite> <!-- com.testng_features.Groups_Task -->
