<?xml version="1.0" encoding="UTF-8"?>
<!-- Generated by org.testng.reporters.JUnitReportReporter -->
<testsuite hostname="Lenovo" failures="0" tests="2" name="com.testng_features.Parameterized_Test_Task" time="0.028" errors="0" timestamp="2022-04-06T16:19:00 IST" skipped="0">
  <testcase classname="com.testng_features.Parameterized_Test_Task" name="login" time="0.006"/>
  <system-out/>
  <testcase classname="com.testng_features.Parameterized_Test_Task" name="credentials" time="0.022"/>
  <system-out/>
</testsuite> <!-- com.testng_features.Parameterized_Test_Task -->
