<?xml version="1.0" encoding="UTF-8"?>
<!-- Generated by org.testng.reporters.JUnitReportReporter -->
<testsuite hostname="Lenovo" failures="0" tests="1" name="com.testng_features.Expected_Exception" time="0.058" errors="0" timestamp="2022-03-29T21:24:00 IST" skipped="0">
  <testcase classname="com.testng_features.Expected_Exception" name="calculator" time="0.058"/>
  <system-out/>
</testsuite> <!-- com.testng_features.Expected_Exception -->
