<?xml version="1.0" encoding="UTF-8"?>
<!-- Generated by org.testng.reporters.JUnitReportReporter -->
<testsuite hostname="Lenovo" failures="0" tests="2" name="com.testng_features.Annotations_Demo" time="0.184" errors="0" timestamp="2022-03-28T19:25:22 IST" skipped="0">
  <testcase classname="com.testng_features.Annotations_Demo" name="women" time="0.026"/>
  <system-out/>
  <testcase classname="com.testng_features.Annotations_Demo" name="children" time="0.158"/>
  <system-out/>
</testsuite> <!-- com.testng_features.Annotations_Demo -->
