<?xml version="1.0" encoding="UTF-8"?>
<!-- Generated by org.testng.reporters.JUnitReportReporter -->
<testsuite hostname="Lenovo" failures="0" tests="1" name="com.testng_features.Parameterized_Test" time="0.035" errors="0" timestamp="2022-03-31T16:23:21 IST" skipped="0">
  <testcase classname="com.testng_features.Parameterized_Test" name="credentials" time="0.035"/>
  <system-out/>
</testsuite> <!-- com.testng_features.Parameterized_Test -->
