<?xml version="1.0" encoding="UTF-8"?>
<!-- Generated by org.testng.reporters.JUnitReportReporter -->
<testsuite hostname="Lenovo" failures="0" tests="3" name="com.testng_features.Priority_Concept" time="0.056" errors="0" timestamp="2022-03-29T20:06:06 IST" skipped="0">
  <testcase classname="com.testng_features.Priority_Concept" name="username" time="0.049"/>
  <system-out/>
  <testcase classname="com.testng_features.Priority_Concept" name="password" time="0.005"/>
  <system-out/>
  <testcase classname="com.testng_features.Priority_Concept" name="login" time="0.002"/>
  <system-out/>
</testsuite> <!-- com.testng_features.Priority_Concept -->
