<?xml version="1.0" encoding="UTF-8"?>
<!-- Generated by org.testng.reporters.JUnitReportReporter -->
<testsuite hostname="Lenovo" failures="0" tests="4" name="com.testng_features.Groups_Concept" time="0.055" errors="0" timestamp="2022-03-29T21:12:37 IST" skipped="0">
  <testcase classname="com.testng_features.Groups_Concept" name="instagram" time="0.023"/>
  <system-out/>
  <testcase classname="com.testng_features.Groups_Concept" name="wynkMusic" time="0.015"/>
  <system-out/>
  <testcase classname="com.testng_features.Groups_Concept" name="spotify" time="0.006"/>
  <system-out/>
  <testcase classname="com.testng_features.Groups_Concept" name="whatsapp" time="0.011"/>
  <system-out/>
</testsuite> <!-- com.testng_features.Groups_Concept -->
