<?xml version="1.0" encoding="UTF-8"?>
<!-- Generated by org.testng.reporters.JUnitReportReporter -->
<testsuite hostname="Lenovo" failures="0" tests="2" name="com.testng_features.Parallel_Test" time="0.040" errors="0" timestamp="2022-03-31T23:56:43 IST" skipped="0">
  <testcase classname="com.testng_features.Parallel_Test" name="username" time="0.020"/>
  <system-out/>
  <testcase classname="com.testng_features.Parallel_Test" name="password" time="0.020"/>
  <system-out/>
</testsuite> <!-- com.testng_features.Parallel_Test -->
